# JRE version: OpenJDK Runtime Environment Zulu15.38+17-CA (15.0.6+5) (build 15.0.6+5-MTS)
# Java VM: OpenJDK 64-Bit Server VM Zulu15.38+17-CA (15.0.6+5-MTS, mixed mode, sharing, tiered, compressed oops, g1 gc, windows-amd64)
GC Precious Log:
 CPUs: 4 total, 4 available
 Memory: 4095M
 Large Page Support: Disabled
 NUMA Support: Disabled
 Compressed Oops: Enabled (32-bit)
 Heap Region Size: 1M
 Heap Min Capacity: 8M
 Heap Initial Capacity: 64M
 Heap Max Capacity: 1G
 Pre-touch: Disabled
 Parallel Workers: 4
 Concurrent Workers: 1
 Concurrent Refinement Workers: 4
 Periodic GC: Disabled
Heap:
 garbage-first heap   total 65536K, used 8564K [0x00000000c0000000, 0x0000000100000000)
  region size 1024K, 7 young (7168K), 3 survivors (3072K)
 Metaspace       used 10898K, capacity 12726K, committed 12800K, reserved 1060864K
  class space    used 1293K, capacity 1522K, committed 1536K, reserved 1048576K
GC Heap History (6 events):
Event: 6.987 GC heap before
{Heap before GC invocations=0 (full 0):
 garbage-first heap   total 65536K, used 13312K [0x00000000c0000000, 0x0000000100000000)
  region size 1024K, 13 young (13312K), 0 survivors (0K)
 Metaspace       used 4010K, capacity 7027K, committed 7168K, reserved 1056768K
  class space    used 432K, capacity 725K, committed 768K, reserved 1048576K
}
Event: 7.000 GC heap after
{Heap after GC invocations=1 (full 0):
 garbage-first heap   total 65536K, used 3215K [0x00000000c0000000, 0x0000000100000000)
  region size 1024K, 2 young (2048K), 2 survivors (2048K)
 Metaspace       used 4010K, capacity 7027K, committed 7168K, reserved 1056768K
  class space    used 432K, capacity 725K, committed 768K, reserved 1048576K
}
Event: 7.791 GC heap before
{Heap before GC invocations=1 (full 0):
 garbage-first heap   total 65536K, used 15503K [0x00000000c0000000, 0x0000000100000000)
  region size 1024K, 14 young (14336K), 2 survivors (2048K)
 Metaspace       used 5699K, capacity 8246K, committed 8448K, reserved 1056768K
  class space    used 650K, capacity 918K, committed 1024K, reserved 1048576K
}
Event: 7.801 GC heap after
{Heap after GC invocations=2 (full 0):
 garbage-first heap   total 65536K, used 4075K [0x00000000c0000000, 0x0000000100000000)
  region size 1024K, 1 young (1024K), 1 survivors (1024K)
 Metaspace       used 5699K, capacity 8246K, committed 8448K, reserved 1056768K
  class space    used 650K, capacity 918K, committed 1024K, reserved 1048576K
}
Event: 9.354 GC heap before
{Heap before GC invocations=2 (full 0):
 garbage-first heap   total 65536K, used 27627K [0x00000000c0000000, 0x0000000100000000)
  region size 1024K, 24 young (24576K), 1 survivors (1024K)
 Metaspace       used 9818K, capacity 12014K, committed 12288K, reserved 1060864K
  class space    used 1173K, capacity 1444K, committed 1536K, reserved 1048576K
}
Event: 9.365 GC heap after
{Heap after GC invocations=3 (full 0):
 garbage-first heap   total 65536K, used 5492K [0x00000000c0000000, 0x0000000100000000)
  region size 1024K, 3 young (3072K), 3 survivors (3072K)
 Metaspace       used 9818K, capacity 12014K, committed 12288K, reserved 1060864K
  class space    used 1173K, capacity 1444K, committed 1536K, reserved 1048576K
}

